<?xml version="1.0" encoding="UTF-8"?>
<!-- Generated by org.testng.reporters.JUnitXMLReporter -->
<testsuite ignored="0" hostname="SHREESHA" failures="0" tests="7" name="my tests" time="10.884" errors="0" timestamp="2025-03-29T15:55:31 IST">
  <testcase classname="test_NG.OrangeHRM" name="openapp" time="7.19"/>
  <testcase classname="test_NG.OrangeHRM" name="testlogo" time="3.066"/>
  <testcase classname="test_NG.OrangeHRM" name="login" time="0.249"/>
  <testcase classname="test_NG.OrangeHRM" name="logout" time="0.248"/>
  <testcase classname="test_NG.FirstTestCase" name="login" time="0.002"/>
  <testcase classname="test_NG.FirstTestCase" name="openapp" time="0.003"/>
  <testcase classname="test_NG.FirstTestCase" name="logout" time="0.008"/>
</testsuite> <!-- my tests -->
