<?xml version="1.0" encoding="UTF-8"?>
<!-- Generated by org.testng.reporters.JUnitXMLReporter -->
<testsuite ignored="0" hostname="SHREESHA" failures="0" tests="3" name="edgeTest" time="5.379" errors="0" timestamp="2025-04-08T10:42:46 IST">
  <testcase classname="testNgPrametrization.ParamTest" name="testlogo" time="0.0">
    <skipped/>
  </testcase> <!-- testlogo -->
  <testcase classname="testNgPrametrization.ParamTest" name="tesTtitle" time="0.0">
    <skipped/>
  </testcase> <!-- tesTtitle -->
  <testcase classname="testNgPrametrization.ParamTest" name="testURL" time="0.0">
    <skipped/>
  </testcase> <!-- testURL -->
</testsuite> <!-- edgeTest -->
