<?xml version="1.0" encoding="UTF-8"?>
<testng-results ignored="0" total="1" passed="1" failed="0" skipped="0">
  <reporter-output>
  </reporter-output>
  <suite started-at="2025-04-09T16:06:07 IST" name="Default suite" finished-at="2025-04-09T16:06:16 IST" duration-ms="8949">
    <groups>
    </groups>
    <test started-at="2025-04-09T16:06:07 IST" name="Default test" finished-at="2025-04-09T16:06:16 IST" duration-ms="8949">
      <class name="pageObjectModel.LoginTest">
        <test-method is-config="true" signature="setup()[pri:0, instance:pageObjectModel.LoginTest@71e9ddb4]" started-at="2025-04-09T16:06:07 IST" name="setup" finished-at="2025-04-09T16:06:15 IST" duration-ms="7794" status="PASS">
          <reporter-output>
          </reporter-output>
        </test-method> <!-- setup -->
        <test-method signature="testlogin()[pri:1, instance:pageObjectModel.LoginTest@71e9ddb4]" started-at="2025-04-09T16:06:15 IST" name="testlogin" finished-at="2025-04-09T16:06:15 IST" duration-ms="767" status="PASS">
          <reporter-output>
          </reporter-output>
        </test-method> <!-- testlogin -->
        <test-method is-config="true" signature="tearDown()[pri:0, instance:pageObjectModel.LoginTest@71e9ddb4]" started-at="2025-04-09T16:06:15 IST" name="tearDown" finished-at="2025-04-09T16:06:16 IST" duration-ms="318" status="PASS">
          <reporter-output>
          </reporter-output>
        </test-method> <!-- tearDown -->
      </class> <!-- pageObjectModel.LoginTest -->
    </test> <!-- Default test -->
  </suite> <!-- Default suite -->
</testng-results>
