<?xml version="1.0" encoding="UTF-8"?>
<!-- Generated by org.testng.reporters.JUnitXMLReporter -->
<testsuite ignored="6" hostname="SHREESHA" failures="0" tests="2" name="grupingTest" time="0.123" errors="0" timestamp="2025-04-05T18:49:51 IST">
  <testcase classname="testGroupsByTestNG.PaymentTests" name="paymentindollers" time="0.017"/>
  <testcase classname="testGroupsByTestNG.PaymentTests" name="paymentinrupees" time="0.004"/>
  <testcase classname="testGroupsByTestNG.SignUpTests" name="signByTwitter" time="0.0">
    <ignored/>
  </testcase> <!-- signByTwitter -->
  <testcase classname="testGroupsByTestNG.LoginTests" name="loginByEmail" time="0.0">
    <ignored/>
  </testcase> <!-- loginByEmail -->
  <testcase classname="testGroupsByTestNG.SignUpTests" name="signupByEmail" time="0.0">
    <ignored/>
  </testcase> <!-- signupByEmail -->
  <testcase classname="testGroupsByTestNG.SignUpTests" name="signupByFacebook" time="0.0">
    <ignored/>
  </testcase> <!-- signupByFacebook -->
  <testcase classname="testGroupsByTestNG.LoginTests" name="loginByTwitter" time="0.0">
    <ignored/>
  </testcase> <!-- loginByTwitter -->
  <testcase classname="testGroupsByTestNG.LoginTests" name="loginByFacebook" time="0.0">
    <ignored/>
  </testcase> <!-- loginByFacebook -->
</testsuite> <!-- grupingTest -->
